2025-01-20T13:42:13.984Z INFO @wdio/local-runner: Run worker command: run
2025-01-20T13:42:13.988Z DEBUG @wdio/runner: init remote session
2025-01-20T13:42:13.990Z DEBUG @wdio/utils:initializeServices: initialize service "appium" as NPM package
2025-01-20T13:42:14.268Z DEBUG @wdio/runner: init remote session
2025-01-20T13:42:14.269Z INFO webdriver: Initiate new session using the WebDriver protocol
2025-01-20T13:42:14.269Z INFO @wdio/utils: Connecting to existing driver at http://127.0.0.1:60640/
2025-01-20T13:42:14.274Z INFO webdriver: [POST] http://127.0.0.1:60640/session
2025-01-20T13:42:14.274Z INFO webdriver: DATA {
  capabilities: {
    alwaysMatch: {
      platformName: 'Android',
      'appium:deviceName': 'Android Emulator',
      'appium:app': 'apk/android.wdio.native.app.v1.0.8.apk',
      'appium:automationName': 'UiAutomator2',
      'appium:platformVersion': '11.0',
      'appium:udid': 'emulator-5554',
      'appium:newCommandTimeout': 300000,
      webSocketUrl: false,
      unhandledPromptBehavior: 'ignore',
      'appium:noReset': false
    },
    firstMatch: [ {} ]
  }
}
2025-01-20T13:42:40.377Z DEBUG webdriver: request failed due to response error: unknown error
2025-01-20T13:42:40.378Z WARN webdriver: WebDriverError: An unknown server-side error occurred while processing the command. Original error: The instrumentation process cannot be initialized. Make sure the application under test does not crash and investigate the logcat output. when running "http://127.0.0.1:60640/session" with method "POST" and args "{"capabilities":{"alwaysMatch":{"platformName":"Android","appium:deviceName":"Android Emulator","appium:app":"apk/android.wdio.native.app.v1.0.8.apk","appium:automationName":"UiAutomator2","appium:platformVersion":"11.0","appium:udid":"emulator-5554","appium:newCommandTimeout":300000,"webSocketUrl":false,"unhandledPromptBehavior":"ignore","appium:noReset":false},"firstMatch":[{}]}}"
2025-01-20T13:42:40.378Z INFO webdriver: Retrying 1/3
2025-01-20T13:42:40.378Z INFO webdriver: [POST] http://127.0.0.1:60640/session
2025-01-20T13:42:40.379Z INFO webdriver: DATA {
  capabilities: {
    alwaysMatch: {
      platformName: 'Android',
      'appium:deviceName': 'Android Emulator',
      'appium:app': 'apk/android.wdio.native.app.v1.0.8.apk',
      'appium:automationName': 'UiAutomator2',
      'appium:platformVersion': '11.0',
      'appium:udid': 'emulator-5554',
      'appium:newCommandTimeout': 300000,
      webSocketUrl: false,
      unhandledPromptBehavior: 'ignore',
      'appium:noReset': false
    },
    firstMatch: [ {} ]
  }
}
2025-01-20T13:43:06.234Z DEBUG webdriver: request failed due to response error: unknown error
2025-01-20T13:43:06.734Z WARN webdriver: WebDriverError: An unknown server-side error occurred while processing the command. Original error: The instrumentation process cannot be initialized. Make sure the application under test does not crash and investigate the logcat output. when running "http://127.0.0.1:60640/session" with method "POST" and args "{"capabilities":{"alwaysMatch":{"platformName":"Android","appium:deviceName":"Android Emulator","appium:app":"apk/android.wdio.native.app.v1.0.8.apk","appium:automationName":"UiAutomator2","appium:platformVersion":"11.0","appium:udid":"emulator-5554","appium:newCommandTimeout":300000,"webSocketUrl":false,"unhandledPromptBehavior":"ignore","appium:noReset":false},"firstMatch":[{}]}}"
2025-01-20T13:43:06.734Z INFO webdriver: Retrying 2/3
2025-01-20T13:43:06.734Z INFO webdriver: [POST] http://127.0.0.1:60640/session
2025-01-20T13:43:06.734Z INFO webdriver: DATA {
  capabilities: {
    alwaysMatch: {
      platformName: 'Android',
      'appium:deviceName': 'Android Emulator',
      'appium:app': 'apk/android.wdio.native.app.v1.0.8.apk',
      'appium:automationName': 'UiAutomator2',
      'appium:platformVersion': '11.0',
      'appium:udid': 'emulator-5554',
      'appium:newCommandTimeout': 300000,
      webSocketUrl: false,
      unhandledPromptBehavior: 'ignore',
      'appium:noReset': false
    },
    firstMatch: [ {} ]
  }
}
2025-01-20T13:43:34.632Z DEBUG webdriver: request failed due to response error: unknown error
2025-01-20T13:43:35.633Z WARN webdriver: WebDriverError: An unknown server-side error occurred while processing the command. Original error: The instrumentation process cannot be initialized. Make sure the application under test does not crash and investigate the logcat output. when running "http://127.0.0.1:60640/session" with method "POST" and args "{"capabilities":{"alwaysMatch":{"platformName":"Android","appium:deviceName":"Android Emulator","appium:app":"apk/android.wdio.native.app.v1.0.8.apk","appium:automationName":"UiAutomator2","appium:platformVersion":"11.0","appium:udid":"emulator-5554","appium:newCommandTimeout":300000,"webSocketUrl":false,"unhandledPromptBehavior":"ignore","appium:noReset":false},"firstMatch":[{}]}}"
2025-01-20T13:43:35.633Z INFO webdriver: Retrying 3/3
2025-01-20T13:43:35.633Z INFO webdriver: [POST] http://127.0.0.1:60640/session
2025-01-20T13:43:35.633Z INFO webdriver: DATA {
  capabilities: {
    alwaysMatch: {
      platformName: 'Android',
      'appium:deviceName': 'Android Emulator',
      'appium:app': 'apk/android.wdio.native.app.v1.0.8.apk',
      'appium:automationName': 'UiAutomator2',
      'appium:platformVersion': '11.0',
      'appium:udid': 'emulator-5554',
      'appium:newCommandTimeout': 300000,
      webSocketUrl: false,
      unhandledPromptBehavior: 'ignore',
      'appium:noReset': false
    },
    firstMatch: [ {} ]
  }
}
2025-01-20T13:44:01.698Z INFO webdriver: COMMAND deleteSession(<object>)
2025-01-20T13:44:01.698Z INFO webdriver: [DELETE] http://127.0.0.1:60640/session/442bda11-2d55-473c-bb5d-726a64f70878
2025-01-20T13:44:01.698Z INFO webdriver: DATA { deleteSessionOpts: { shutdownDriver: false } }
2025-01-20T13:44:03.185Z INFO webdriver: RESULT null
2025-01-20T13:44:03.187Z INFO webdriver: [POST] http://127.0.0.1:60640/session
2025-01-20T13:44:03.187Z INFO webdriver: DATA {
  capabilities: {
    alwaysMatch: {
      platformName: 'Android',
      'appium:deviceName': 'Android Emulator',
      'appium:app': 'apk/android.wdio.native.app.v1.0.8.apk',
      'appium:automationName': 'UiAutomator2',
      'appium:platformVersion': '11.0',
      'appium:udid': 'emulator-5554',
      'appium:newCommandTimeout': 300000,
      webSocketUrl: false,
      unhandledPromptBehavior: 'ignore',
      'appium:noReset': false
    },
    firstMatch: [ {} ]
  }
}
2025-01-20T13:44:13.353Z INFO webdriver: COMMAND findElement("-android uiautomator", "new UiSelector().text("Login")")
2025-01-20T13:44:13.353Z INFO webdriver: [POST] http://127.0.0.1:60640/session/52c7c0f8-16b5-4e0c-841f-daf8506ff987/element
2025-01-20T13:44:13.353Z INFO webdriver: DATA {
  using: '-android uiautomator',
  value: 'new UiSelector().text("Login")'
}
2025-01-20T13:44:14.074Z INFO webdriver: RESULT {
  'element-6066-11e4-a52e-4f735466cecf': '00000000-0000-0574-ffff-ffff00000033',
  ELEMENT: '00000000-0000-0574-ffff-ffff00000033'
}
2025-01-20T13:44:14.085Z INFO webdriver: COMMAND elementClick("00000000-0000-0574-ffff-ffff00000033")
2025-01-20T13:44:14.086Z INFO webdriver: [POST] http://127.0.0.1:60640/session/52c7c0f8-16b5-4e0c-841f-daf8506ff987/element/00000000-0000-0574-ffff-ffff00000033/click
2025-01-20T13:44:14.208Z INFO webdriver: RESULT null
2025-01-20T13:44:14.209Z INFO webdriver: COMMAND findElement("-android uiautomator", "new UiSelector().text("Sign up")")
2025-01-20T13:44:14.210Z INFO webdriver: [POST] http://127.0.0.1:60640/session/52c7c0f8-16b5-4e0c-841f-daf8506ff987/element
2025-01-20T13:44:14.210Z INFO webdriver: DATA {
  using: '-android uiautomator',
  value: 'new UiSelector().text("Sign up")'
}
2025-01-20T13:44:14.266Z INFO webdriver: RESULT {
  'element-6066-11e4-a52e-4f735466cecf': '00000000-0000-0574-ffff-ffff00000057',
  ELEMENT: '00000000-0000-0574-ffff-ffff00000057'
}
2025-01-20T13:44:14.271Z INFO webdriver: COMMAND elementClick("00000000-0000-0574-ffff-ffff00000057")
2025-01-20T13:44:14.272Z INFO webdriver: [POST] http://127.0.0.1:60640/session/52c7c0f8-16b5-4e0c-841f-daf8506ff987/element/00000000-0000-0574-ffff-ffff00000057/click
2025-01-20T13:44:14.888Z INFO webdriver: RESULT null
2025-01-20T13:44:14.893Z INFO webdriver: COMMAND findElement("-android uiautomator", "new UiSelector().text("Email")")
2025-01-20T13:44:14.893Z INFO webdriver: [POST] http://127.0.0.1:60640/session/52c7c0f8-16b5-4e0c-841f-daf8506ff987/element
2025-01-20T13:44:14.893Z INFO webdriver: DATA {
  using: '-android uiautomator',
  value: 'new UiSelector().text("Email")'
}
2025-01-20T13:44:15.747Z INFO webdriver: RESULT {
  'element-6066-11e4-a52e-4f735466cecf': '00000000-0000-0574-ffff-ffff0000005c',
  ELEMENT: '00000000-0000-0574-ffff-ffff0000005c'
}
2025-01-20T13:44:15.754Z INFO webdriver: COMMAND elementClear("00000000-0000-0574-ffff-ffff0000005c")
2025-01-20T13:44:15.754Z INFO webdriver: [POST] http://127.0.0.1:60640/session/52c7c0f8-16b5-4e0c-841f-daf8506ff987/element/00000000-0000-0574-ffff-ffff0000005c/clear
2025-01-20T13:44:15.793Z INFO webdriver: RESULT null
2025-01-20T13:44:15.793Z INFO webdriver: COMMAND elementSendKeys("00000000-0000-0574-ffff-ffff0000005c", "Mckayla_Collins@gmail.com")
2025-01-20T13:44:15.794Z INFO webdriver: [POST] http://127.0.0.1:60640/session/52c7c0f8-16b5-4e0c-841f-daf8506ff987/element/00000000-0000-0574-ffff-ffff0000005c/value
2025-01-20T13:44:15.794Z INFO webdriver: DATA { text: 'Mckayla_Collins@gmail.com' }
2025-01-20T13:44:16.844Z INFO webdriver: RESULT null
2025-01-20T13:44:16.845Z INFO webdriver: COMMAND findElement("-android uiautomator", "new UiSelector().text("Password")")
2025-01-20T13:44:16.845Z INFO webdriver: [POST] http://127.0.0.1:60640/session/52c7c0f8-16b5-4e0c-841f-daf8506ff987/element
2025-01-20T13:44:16.846Z INFO webdriver: DATA {
  using: '-android uiautomator',
  value: 'new UiSelector().text("Password")'
}
2025-01-20T13:44:16.879Z INFO webdriver: RESULT {
  'element-6066-11e4-a52e-4f735466cecf': '00000000-0000-0574-ffff-ffff00000060',
  ELEMENT: '00000000-0000-0574-ffff-ffff00000060'
}
2025-01-20T13:44:16.882Z INFO webdriver: COMMAND elementClear("00000000-0000-0574-ffff-ffff00000060")
2025-01-20T13:44:16.883Z INFO webdriver: [POST] http://127.0.0.1:60640/session/52c7c0f8-16b5-4e0c-841f-daf8506ff987/element/00000000-0000-0574-ffff-ffff00000060/clear
2025-01-20T13:44:17.377Z INFO webdriver: RESULT null
2025-01-20T13:44:17.377Z INFO webdriver: COMMAND elementSendKeys("00000000-0000-0574-ffff-ffff00000060", "usv8rTyiHHJpzK5")
2025-01-20T13:44:17.378Z INFO webdriver: [POST] http://127.0.0.1:60640/session/52c7c0f8-16b5-4e0c-841f-daf8506ff987/element/00000000-0000-0574-ffff-ffff00000060/value
2025-01-20T13:44:17.378Z INFO webdriver: DATA { text: 'usv8rTyiHHJpzK5' }
2025-01-20T13:44:17.945Z INFO webdriver: RESULT null
2025-01-20T13:44:17.946Z INFO webdriver: COMMAND findElement("-android uiautomator", "new UiSelector().text("Confirm Password")")
2025-01-20T13:44:17.947Z INFO webdriver: [POST] http://127.0.0.1:60640/session/52c7c0f8-16b5-4e0c-841f-daf8506ff987/element
2025-01-20T13:44:17.947Z INFO webdriver: DATA {
  using: '-android uiautomator',
  value: 'new UiSelector().text("Confirm Password")'
}
2025-01-20T13:44:18.483Z INFO webdriver: RESULT {
  error: 'no such element',
  message: 'An element could not be located on the page using the given search parameters.',
  stacktrace: 'NoSuchElementError: An element could not be located on the page using the given search parameters.\n' +
    '    at AndroidUiautomator2Driver.findElOrEls (/Users/eduardomoises/Documents/mobile/node_modules/appium-uiautomator2-driver/node_modules/appium-android-driver/lib/commands/find.ts:86:11)\n' +
    '    at processTicksAndRejections (node:internal/process/task_queues:95:5)\n' +
    '    at AndroidUiautomator2Driver.findElOrElsWithProcessing (/Users/eduardomoises/Documents/mobile/node_modules/appium-uiautomator2-driver/node_modules/@appium/base-driver/lib/basedriver/commands/find.ts:60:12)\n' +
    '    at AndroidUiautomator2Driver.findElement (/Users/eduardomoises/Documents/mobile/node_modules/appium-uiautomator2-driver/node_modules/@appium/base-driver/lib/basedriver/commands/find.ts:75:12)'
}
2025-01-20T13:44:18.488Z DEBUG webdriverio: command setValue was called on an element ("android=new UiSelector().text("Confirm Password")") that wasn't found, waiting for it...
2025-01-20T13:44:18.490Z INFO webdriver: COMMAND findElements("-android uiautomator", "new UiSelector().text("Confirm Password")")
2025-01-20T13:44:18.490Z INFO webdriver: [POST] http://127.0.0.1:60640/session/52c7c0f8-16b5-4e0c-841f-daf8506ff987/elements
2025-01-20T13:44:18.490Z INFO webdriver: DATA {
  using: '-android uiautomator',
  value: 'new UiSelector().text("Confirm Password")'
}
2025-01-20T13:44:18.527Z INFO webdriver: RESULT []
2025-01-20T13:44:18.991Z INFO webdriver: COMMAND findElements("-android uiautomator", "new UiSelector().text("Confirm Password")")
2025-01-20T13:44:18.992Z INFO webdriver: [POST] http://127.0.0.1:60640/session/52c7c0f8-16b5-4e0c-841f-daf8506ff987/elements
2025-01-20T13:44:18.992Z INFO webdriver: DATA {
  using: '-android uiautomator',
  value: 'new UiSelector().text("Confirm Password")'
}
2025-01-20T13:44:19.045Z INFO webdriver: RESULT []
2025-01-20T13:44:19.490Z INFO webdriver: COMMAND findElements("-android uiautomator", "new UiSelector().text("Confirm Password")")
2025-01-20T13:44:19.490Z INFO webdriver: [POST] http://127.0.0.1:60640/session/52c7c0f8-16b5-4e0c-841f-daf8506ff987/elements
2025-01-20T13:44:19.490Z INFO webdriver: DATA {
  using: '-android uiautomator',
  value: 'new UiSelector().text("Confirm Password")'
}
2025-01-20T13:44:19.528Z INFO webdriver: RESULT []
2025-01-20T13:44:19.991Z INFO webdriver: COMMAND findElements("-android uiautomator", "new UiSelector().text("Confirm Password")")
2025-01-20T13:44:19.992Z INFO webdriver: [POST] http://127.0.0.1:60640/session/52c7c0f8-16b5-4e0c-841f-daf8506ff987/elements
2025-01-20T13:44:19.992Z INFO webdriver: DATA {
  using: '-android uiautomator',
  value: 'new UiSelector().text("Confirm Password")'
}
2025-01-20T13:44:20.049Z INFO webdriver: RESULT []
2025-01-20T13:44:20.490Z INFO webdriver: COMMAND findElements("-android uiautomator", "new UiSelector().text("Confirm Password")")
2025-01-20T13:44:20.491Z INFO webdriver: [POST] http://127.0.0.1:60640/session/52c7c0f8-16b5-4e0c-841f-daf8506ff987/elements
2025-01-20T13:44:20.491Z INFO webdriver: DATA {
  using: '-android uiautomator',
  value: 'new UiSelector().text("Confirm Password")'
}
2025-01-20T13:44:20.543Z INFO webdriver: RESULT []
2025-01-20T13:44:20.991Z INFO webdriver: COMMAND findElements("-android uiautomator", "new UiSelector().text("Confirm Password")")
2025-01-20T13:44:20.992Z INFO webdriver: [POST] http://127.0.0.1:60640/session/52c7c0f8-16b5-4e0c-841f-daf8506ff987/elements
2025-01-20T13:44:20.992Z INFO webdriver: DATA {
  using: '-android uiautomator',
  value: 'new UiSelector().text("Confirm Password")'
}
2025-01-20T13:44:21.044Z INFO webdriver: RESULT []
2025-01-20T13:44:21.491Z INFO webdriver: COMMAND findElements("-android uiautomator", "new UiSelector().text("Confirm Password")")
2025-01-20T13:44:21.492Z INFO webdriver: [POST] http://127.0.0.1:60640/session/52c7c0f8-16b5-4e0c-841f-daf8506ff987/elements
2025-01-20T13:44:21.492Z INFO webdriver: DATA {
  using: '-android uiautomator',
  value: 'new UiSelector().text("Confirm Password")'
}
2025-01-20T13:44:21.541Z INFO webdriver: RESULT []
2025-01-20T13:44:21.991Z INFO webdriver: COMMAND findElements("-android uiautomator", "new UiSelector().text("Confirm Password")")
2025-01-20T13:44:21.991Z INFO webdriver: [POST] http://127.0.0.1:60640/session/52c7c0f8-16b5-4e0c-841f-daf8506ff987/elements
2025-01-20T13:44:21.991Z INFO webdriver: DATA {
  using: '-android uiautomator',
  value: 'new UiSelector().text("Confirm Password")'
}
2025-01-20T13:44:22.027Z INFO webdriver: RESULT []
2025-01-20T13:44:22.489Z INFO webdriver: COMMAND findElements("-android uiautomator", "new UiSelector().text("Confirm Password")")
2025-01-20T13:44:22.489Z INFO webdriver: [POST] http://127.0.0.1:60640/session/52c7c0f8-16b5-4e0c-841f-daf8506ff987/elements
2025-01-20T13:44:22.490Z INFO webdriver: DATA {
  using: '-android uiautomator',
  value: 'new UiSelector().text("Confirm Password")'
}
2025-01-20T13:44:22.525Z INFO webdriver: RESULT []
2025-01-20T13:44:22.990Z INFO webdriver: COMMAND findElements("-android uiautomator", "new UiSelector().text("Confirm Password")")
2025-01-20T13:44:22.991Z INFO webdriver: [POST] http://127.0.0.1:60640/session/52c7c0f8-16b5-4e0c-841f-daf8506ff987/elements
2025-01-20T13:44:22.991Z INFO webdriver: DATA {
  using: '-android uiautomator',
  value: 'new UiSelector().text("Confirm Password")'
}
2025-01-20T13:44:23.027Z INFO webdriver: RESULT []
2025-01-20T13:44:23.540Z WARN webdriver: Use `driver.execute('mobile: terminateApp', { ... })` instead
2025-01-20T13:44:23.540Z INFO webdriver: COMMAND closeApp()
2025-01-20T13:44:23.540Z INFO webdriver: [POST] http://127.0.0.1:60640/session/52c7c0f8-16b5-4e0c-841f-daf8506ff987/appium/app/close
2025-01-20T13:44:23.547Z DEBUG webdriver: request failed due to response error: unsupported operation
2025-01-20T13:44:23.548Z WARN webdriver: WebDriverError: This API is not supported anymore. See https://github.com/appium/appium/issues/15807 when running "appium/app/close" with method "POST"
2025-01-20T13:44:23.548Z INFO webdriver: Retrying 1/3
2025-01-20T13:44:23.548Z INFO webdriver: [POST] http://127.0.0.1:60640/session/52c7c0f8-16b5-4e0c-841f-daf8506ff987/appium/app/close
2025-01-20T13:44:23.551Z DEBUG webdriver: request failed due to response error: unsupported operation
2025-01-20T13:44:24.052Z WARN webdriver: WebDriverError: This API is not supported anymore. See https://github.com/appium/appium/issues/15807 when running "appium/app/close" with method "POST"
2025-01-20T13:44:24.052Z INFO webdriver: Retrying 2/3
2025-01-20T13:44:24.052Z INFO webdriver: [POST] http://127.0.0.1:60640/session/52c7c0f8-16b5-4e0c-841f-daf8506ff987/appium/app/close
2025-01-20T13:44:24.059Z DEBUG webdriver: request failed due to response error: unsupported operation
2025-01-20T13:44:25.060Z WARN webdriver: WebDriverError: This API is not supported anymore. See https://github.com/appium/appium/issues/15807 when running "appium/app/close" with method "POST"
2025-01-20T13:44:25.060Z INFO webdriver: Retrying 3/3
2025-01-20T13:44:25.060Z INFO webdriver: [POST] http://127.0.0.1:60640/session/52c7c0f8-16b5-4e0c-841f-daf8506ff987/appium/app/close
2025-01-20T13:44:25.068Z DEBUG webdriver: request failed due to response error: unsupported operation
2025-01-20T13:44:25.068Z ERROR webdriver: WebDriverError: This API is not supported anymore. See https://github.com/appium/appium/issues/15807 when running "appium/app/close" with method "POST"
2025-01-20T13:44:25.075Z DEBUG @wdio/utils:shim: Finished to run "after" hook in 0ms
2025-01-20T13:44:25.075Z INFO webdriver: COMMAND deleteSession()
2025-01-20T13:44:25.076Z INFO webdriver: [DELETE] http://127.0.0.1:60640/session/52c7c0f8-16b5-4e0c-841f-daf8506ff987
2025-01-20T13:44:25.307Z INFO webdriver: RESULT null
