2025-01-20T13:42:12.529Z DEBUG @wdio/utils:initializeServices: initialize service "appium" as NPM package
2025-01-20T13:42:12.532Z INFO @wdio/cli:launcher: Run onPrepare hook
2025-01-20T13:42:12.536Z INFO @wdio/appium-service: Will spawn Appium process: node /Users/eduardomoises/Documents/mobile/node_modules/appium/index.js --base-path / --port 60640
2025-01-20T13:42:13.620Z INFO @wdio/appium-service: Appium started with ID: 16292
2025-01-20T13:42:13.621Z DEBUG @wdio/cli:utils: Finished to run "onPrepare" hook in 1088ms
2025-01-20T13:42:13.622Z INFO @wdio/cli:launcher: Run onWorkerStart hook
2025-01-20T13:42:13.622Z INFO @wdio/cli:launcher: Run onWorkerStart hook
2025-01-20T13:42:13.622Z DEBUG @wdio/cli:utils: Finished to run "onWorkerStart" hook in 0ms
2025-01-20T13:42:13.622Z DEBUG @wdio/cli:utils: Finished to run "onWorkerStart" hook in 0ms
2025-01-20T13:42:13.623Z INFO @wdio/local-runner: Start worker 0-0 with arg: run wdio.conf.js
2025-01-20T13:42:13.624Z DEBUG @wdio/local-runner: Send command run to worker with cid "0-0"
2025-01-20T13:42:13.624Z INFO @wdio/local-runner: Start worker 0-1 with arg: run wdio.conf.js
2025-01-20T13:42:13.625Z DEBUG @wdio/local-runner: Send command run to worker with cid "0-1"
2025-01-20T13:42:13.625Z DEBUG @wdio/appium-service: Appium logs written to: /Users/eduardomoises/Documents/mobile/logs/wdio-appium.log
2025-01-20T13:43:51.184Z DEBUG @wdio/local-runner: Runner 0-0 finished with exit code 1
2025-01-20T13:43:51.184Z INFO @wdio/cli:launcher: Run onWorkerEnd hook
2025-01-20T13:43:51.185Z DEBUG @wdio/cli:utils: Finished to run "onWorkerEnd" hook in 0ms
2025-01-20T13:44:25.422Z DEBUG @wdio/local-runner: Runner 0-1 finished with exit code 1
2025-01-20T13:44:25.422Z INFO @wdio/cli:launcher: Run onWorkerEnd hook
2025-01-20T13:44:25.422Z DEBUG @wdio/cli:utils: Finished to run "onWorkerEnd" hook in 0ms
2025-01-20T13:44:25.445Z INFO @wdio/local-runner: Shutting down spawned worker
2025-01-20T13:44:25.697Z INFO @wdio/local-runner: Waiting for 0 to shut down gracefully
2025-01-20T13:44:25.697Z INFO @wdio/local-runner: shutting down
2025-01-20T13:44:25.697Z INFO @wdio/cli:launcher: Run onComplete hook
2025-01-20T13:44:25.697Z INFO @wdio/appium-service: Killing entire Appium tree
2025-01-20T13:44:25.741Z INFO @wdio/appium-service: Process and its children successfully terminated
