2025-01-20T13:42:13.984Z INFO @wdio/local-runner: Run worker command: run
2025-01-20T13:42:13.988Z DEBUG @wdio/runner: init remote session
2025-01-20T13:42:13.990Z DEBUG @wdio/utils:initializeServices: initialize service "appium" as NPM package
2025-01-20T13:42:14.268Z DEBUG @wdio/runner: init remote session
2025-01-20T13:42:14.269Z INFO webdriver: Initiate new session using the WebDriver protocol
2025-01-20T13:42:14.269Z INFO @wdio/utils: Connecting to existing driver at http://127.0.0.1:60640/
2025-01-20T13:42:14.274Z INFO webdriver: [POST] http://127.0.0.1:60640/session
2025-01-20T13:42:14.274Z INFO webdriver: DATA {
  capabilities: {
    alwaysMatch: {
      platformName: 'Android',
      'appium:deviceName': 'Android Emulator',
      'appium:app': 'apk/android.wdio.native.app.v1.0.8.apk',
      'appium:automationName': 'UiAutomator2',
      'appium:platformVersion': '11.0',
      'appium:udid': 'emulator-5554',
      'appium:newCommandTimeout': 300000,
      webSocketUrl: false,
      unhandledPromptBehavior: 'ignore',
      'appium:noReset': false
    },
    firstMatch: [ {} ]
  }
}
2025-01-20T13:42:33.825Z DEBUG webdriver: request failed due to response error: unknown error
2025-01-20T13:42:33.825Z WARN webdriver: WebDriverError: An unknown server-side error occurred while processing the command. Original error: The instrumentation process cannot be initialized. Make sure the application under test does not crash and investigate the logcat output. when running "http://127.0.0.1:60640/session" with method "POST" and args "{"capabilities":{"alwaysMatch":{"platformName":"Android","appium:deviceName":"Android Emulator","appium:app":"apk/android.wdio.native.app.v1.0.8.apk","appium:automationName":"UiAutomator2","appium:platformVersion":"11.0","appium:udid":"emulator-5554","appium:newCommandTimeout":300000,"webSocketUrl":false,"unhandledPromptBehavior":"ignore","appium:noReset":false},"firstMatch":[{}]}}"
2025-01-20T13:42:33.825Z INFO webdriver: Retrying 1/3
2025-01-20T13:42:33.826Z INFO webdriver: [POST] http://127.0.0.1:60640/session
2025-01-20T13:42:33.826Z INFO webdriver: DATA {
  capabilities: {
    alwaysMatch: {
      platformName: 'Android',
      'appium:deviceName': 'Android Emulator',
      'appium:app': 'apk/android.wdio.native.app.v1.0.8.apk',
      'appium:automationName': 'UiAutomator2',
      'appium:platformVersion': '11.0',
      'appium:udid': 'emulator-5554',
      'appium:newCommandTimeout': 300000,
      webSocketUrl: false,
      unhandledPromptBehavior: 'ignore',
      'appium:noReset': false
    },
    firstMatch: [ {} ]
  }
}
2025-01-20T13:42:55.544Z DEBUG webdriver: request failed due to response error: unknown error
2025-01-20T13:42:56.045Z WARN webdriver: WebDriverError: An unknown server-side error occurred while processing the command. Original error: The instrumentation process cannot be initialized. Make sure the application under test does not crash and investigate the logcat output. when running "http://127.0.0.1:60640/session" with method "POST" and args "{"capabilities":{"alwaysMatch":{"platformName":"Android","appium:deviceName":"Android Emulator","appium:app":"apk/android.wdio.native.app.v1.0.8.apk","appium:automationName":"UiAutomator2","appium:platformVersion":"11.0","appium:udid":"emulator-5554","appium:newCommandTimeout":300000,"webSocketUrl":false,"unhandledPromptBehavior":"ignore","appium:noReset":false},"firstMatch":[{}]}}"
2025-01-20T13:42:56.045Z INFO webdriver: Retrying 2/3
2025-01-20T13:42:56.045Z INFO webdriver: [POST] http://127.0.0.1:60640/session
2025-01-20T13:42:56.045Z INFO webdriver: DATA {
  capabilities: {
    alwaysMatch: {
      platformName: 'Android',
      'appium:deviceName': 'Android Emulator',
      'appium:app': 'apk/android.wdio.native.app.v1.0.8.apk',
      'appium:automationName': 'UiAutomator2',
      'appium:platformVersion': '11.0',
      'appium:udid': 'emulator-5554',
      'appium:newCommandTimeout': 300000,
      webSocketUrl: false,
      unhandledPromptBehavior: 'ignore',
      'appium:noReset': false
    },
    firstMatch: [ {} ]
  }
}
2025-01-20T13:43:22.891Z DEBUG webdriver: request failed due to response error: unknown error
2025-01-20T13:43:23.892Z WARN webdriver: WebDriverError: An unknown server-side error occurred while processing the command. Original error: The instrumentation process cannot be initialized. Make sure the application under test does not crash and investigate the logcat output. when running "http://127.0.0.1:60640/session" with method "POST" and args "{"capabilities":{"alwaysMatch":{"platformName":"Android","appium:deviceName":"Android Emulator","appium:app":"apk/android.wdio.native.app.v1.0.8.apk","appium:automationName":"UiAutomator2","appium:platformVersion":"11.0","appium:udid":"emulator-5554","appium:newCommandTimeout":300000,"webSocketUrl":false,"unhandledPromptBehavior":"ignore","appium:noReset":false},"firstMatch":[{}]}}"
2025-01-20T13:43:23.892Z INFO webdriver: Retrying 3/3
2025-01-20T13:43:23.892Z INFO webdriver: [POST] http://127.0.0.1:60640/session
2025-01-20T13:43:23.892Z INFO webdriver: DATA {
  capabilities: {
    alwaysMatch: {
      platformName: 'Android',
      'appium:deviceName': 'Android Emulator',
      'appium:app': 'apk/android.wdio.native.app.v1.0.8.apk',
      'appium:automationName': 'UiAutomator2',
      'appium:platformVersion': '11.0',
      'appium:udid': 'emulator-5554',
      'appium:newCommandTimeout': 300000,
      webSocketUrl: false,
      unhandledPromptBehavior: 'ignore',
      'appium:noReset': false
    },
    firstMatch: [ {} ]
  }
}
2025-01-20T13:43:51.030Z DEBUG webdriver: request failed due to response error: unknown error
2025-01-20T13:43:51.030Z ERROR webdriver: WebDriverError: An unknown server-side error occurred while processing the command. Original error: The instrumentation process cannot be initialized. Make sure the application under test does not crash and investigate the logcat output. when running "http://127.0.0.1:60640/session" with method "POST" and args "{"capabilities":{"alwaysMatch":{"platformName":"Android","appium:deviceName":"Android Emulator","appium:app":"apk/android.wdio.native.app.v1.0.8.apk","appium:automationName":"UiAutomator2","appium:platformVersion":"11.0","appium:udid":"emulator-5554","appium:newCommandTimeout":300000,"webSocketUrl":false,"unhandledPromptBehavior":"ignore","appium:noReset":false},"firstMatch":[{}]}}"
2025-01-20T13:43:51.030Z ERROR webdriver: unknown error: WebDriverError: An unknown server-side error occurred while processing the command. Original error: The instrumentation process cannot be initialized. Make sure the application under test does not crash and investigate the logcat output. when running "http://127.0.0.1:60640/session" with method "POST" and args "{"capabilities":{"alwaysMatch":{"platformName":"Android","appium:deviceName":"Android Emulator","appium:app":"apk/android.wdio.native.app.v1.0.8.apk","appium:automationName":"UiAutomator2","appium:platformVersion":"11.0","appium:udid":"emulator-5554","appium:newCommandTimeout":300000,"webSocketUrl":false,"unhandledPromptBehavior":"ignore","appium:noReset":false},"firstMatch":[{}]}}"
    at FetchRequest._request (file:///Users/eduardomoises/Documents/mobile/node_modules/webdriver/build/node.js:1683:19)
    at process.processTicksAndRejections (node:internal/process/task_queues:95:5)
    at async startWebDriverSession (file:///Users/eduardomoises/Documents/mobile/node_modules/webdriver/build/node.js:1029:16)
    at async _WebDriver.newSession (file:///Users/eduardomoises/Documents/mobile/node_modules/webdriver/build/node.js:1265:41)
    at async remote (/Users/eduardomoises/Documents/mobile/node_modules/webdriverio/build/index.js:8157:20)
    at async Runner._startSession (file:///Users/eduardomoises/Documents/mobile/node_modules/@wdio/runner/build/index.js:809:23)
    at async Runner._initSession (file:///Users/eduardomoises/Documents/mobile/node_modules/@wdio/runner/build/index.js:783:22)
    at async Runner.run (file:///Users/eduardomoises/Documents/mobile/node_modules/@wdio/runner/build/index.js:690:16)
2025-01-20T13:43:51.074Z ERROR @wdio/runner: Error: Failed to create session.
WebDriverError: An unknown server-side error occurred while processing the command. Original error: The instrumentation process cannot be initialized. Make sure the application under test does not crash and investigate the logcat output. when running "http://127.0.0.1:60640/session" with method "POST" and args "{"capabilities":{"alwaysMatch":{"platformName":"Android","appium:deviceName":"Android Emulator","appium:app":"apk/android.wdio.native.app.v1.0.8.apk","appium:automationName":"UiAutomator2","appium:platformVersion":"11.0","appium:udid":"emulator-5554","appium:newCommandTimeout":300000,"webSocketUrl":false,"unhandledPromptBehavior":"ignore","appium:noReset":false},"firstMatch":[{}]}}"
    at startWebDriverSession (file:///Users/eduardomoises/Documents/mobile/node_modules/webdriver/build/node.js:1033:11)
    at process.processTicksAndRejections (node:internal/process/task_queues:95:5)
    at async _WebDriver.newSession (file:///Users/eduardomoises/Documents/mobile/node_modules/webdriver/build/node.js:1265:41)
    at async remote (/Users/eduardomoises/Documents/mobile/node_modules/webdriverio/build/index.js:8157:20)
    at async Runner._startSession (file:///Users/eduardomoises/Documents/mobile/node_modules/@wdio/runner/build/index.js:809:23)
    at async Runner._initSession (file:///Users/eduardomoises/Documents/mobile/node_modules/@wdio/runner/build/index.js:783:22)
    at async Runner.run (file:///Users/eduardomoises/Documents/mobile/node_modules/@wdio/runner/build/index.js:690:16)
2025-01-20T13:43:51.074Z DEBUG @wdio/utils:shim: Finished to run "after" hook in 0ms
